0 info it worked if it ends with ok
1 verbose cli [ '/usr/bin/node', '/usr/bin/npm', 'run', 'flask-server' ]
2 info using npm@3.5.2
3 info using node@v8.10.0
4 verbose run-script [ 'preflask-server', 'flask-server', 'postflask-server' ]
5 info lifecycle hackzurich@1.0.0~preflask-server: hackzurich@1.0.0
6 silly lifecycle hackzurich@1.0.0~preflask-server: no script for preflask-server, continuing
7 info lifecycle hackzurich@1.0.0~flask-server: hackzurich@1.0.0
8 verbose lifecycle hackzurich@1.0.0~flask-server: unsafe-perm in lifecycle true
9 verbose lifecycle hackzurich@1.0.0~flask-server: PATH: /usr/share/npm/bin/node-gyp-bin:/home/oliver/Code/hackzurich/node_modules/.bin:/usr/share/npm/bin/node-gyp-bin:/home/oliver/Code/hackzurich/node_modules/.bin:/usr/share/npm/bin/node-gyp-bin:/home/oliver/Code/hackzurich/node_modules/.bin:/home/oliver/.local/share/virtualenvs/hackzurich-VZYam-0I/bin:/home/oliver/.cargo/bin:/home/oliver/bin:/home/oliver/.local/bin:/usr/local/sbin:/usr/local/bin:/usr/sbin:/usr/bin:/sbin:/bin:/usr/games:/usr/local/games:/snap/bin:/home/oliver/Programs:/home/oliver/Programs
10 verbose lifecycle hackzurich@1.0.0~flask-server: CWD: /home/oliver/Code/hackzurich
11 silly lifecycle hackzurich@1.0.0~flask-server: Args: [ '-c', 'pipenv run flask run --host=0.0.0.0' ]
12 silly lifecycle hackzurich@1.0.0~flask-server: Returned: code: 1  signal: null
13 info lifecycle hackzurich@1.0.0~flask-server: Failed to exec flask-server script
14 verbose stack Error: hackzurich@1.0.0 flask-server: `pipenv run flask run --host=0.0.0.0`
14 verbose stack Exit status 1
14 verbose stack     at EventEmitter.<anonymous> (/usr/share/npm/lib/utils/lifecycle.js:232:16)
14 verbose stack     at emitTwo (events.js:126:13)
14 verbose stack     at EventEmitter.emit (events.js:214:7)
14 verbose stack     at ChildProcess.<anonymous> (/usr/share/npm/lib/utils/spawn.js:24:14)
14 verbose stack     at emitTwo (events.js:126:13)
14 verbose stack     at ChildProcess.emit (events.js:214:7)
14 verbose stack     at maybeClose (internal/child_process.js:925:16)
14 verbose stack     at Process.ChildProcess._handle.onexit (internal/child_process.js:209:5)
15 verbose pkgid hackzurich@1.0.0
16 verbose cwd /home/oliver/Code/hackzurich
17 error Linux 4.15.0-117-generic
18 error argv "/usr/bin/node" "/usr/bin/npm" "run" "flask-server"
19 error node v8.10.0
20 error npm  v3.5.2
21 error code ELIFECYCLE
22 error hackzurich@1.0.0 flask-server: `pipenv run flask run --host=0.0.0.0`
22 error Exit status 1
23 error Failed at the hackzurich@1.0.0 flask-server script 'pipenv run flask run --host=0.0.0.0'.
23 error Make sure you have the latest version of node.js and npm installed.
23 error If you do, this is most likely a problem with the hackzurich package,
23 error not with npm itself.
23 error Tell the author that this fails on your system:
23 error     pipenv run flask run --host=0.0.0.0
23 error You can get information on how to open an issue for this project with:
23 error     npm bugs hackzurich
23 error Or if that isn't available, you can get their info via:
23 error     npm owner ls hackzurich
23 error There is likely additional logging output above.
24 verbose exit [ 1, true ]
